<?xml version="1.0" encoding="UTF-8"?>
<!-- Generated by org.testng.reporters.JUnitXMLReporter -->
<testsuite ignored="0" hostname="swapnitapc" failures="0" tests="6" name="Default test" time="19.231" errors="0" timestamp="2023-03-27T22:37:27 IST">
  <testcase classname="Testng.Verifyforgotpasspage" name="verifycancelbuttonfunction" time="1.326"/>
  <testcase classname="Testng.Verifyforgotpasspage" name="verifycancelbuttonfunction" time="0.996"/>
  <testcase classname="Testng.Verifyforgotpasspage" name="verifyForgotPasswordPagetext" time="0.041"/>
  <testcase classname="Testng.Verifyforgotpasspage" name="verifysearchbuttonfunction" time="0.22"/>
  <testcase classname="Testng.Verifyforgotpasspage" name="verifysearchbuttonfunction" time="0.224"/>
  <testcase classname="Testng.Verifyforgotpasspage" name="verifyCreateAccpage" time="0.018"/>
</testsuite> <!-- Default test -->
